2024-10-04 22:00:45,874 - tensorflow - WARNING - Callback method `on_train_batch_end` is slow compared to the batch time (batch time: 0.1906s vs `on_train_batch_end` time: 0.3068s). Check your callbacks.
2024-10-04 22:11:23,812 - ImageReader - WARNING - Image Datasets\IAM_Words\words\a01\a01-117\a01-117-05-02.png could not be read, returning None.
2024-10-04 22:11:23,812 - DataProvider - WARNING - Data or annotation is None, marking for removal on epoch end.
2024-10-04 22:11:23,813 - DataProvider - WARNING - Data or annotation is None, skipping.
2024-10-04 22:23:08,488 - ImageReader - WARNING - Image Datasets\IAM_Words\words\r06\r06-022\r06-022-03-05.png could not be read, returning None.
2024-10-04 22:23:08,489 - DataProvider - WARNING - Data or annotation is None, marking for removal on epoch end.
2024-10-04 22:23:08,489 - DataProvider - WARNING - Data or annotation is None, skipping.
2024-10-04 22:25:51,936 - DataProvider - WARNING - Removing ['Datasets\\IAM_Words\\words\\a01\\a01-117\\a01-117-05-02.png', 'Powell'] from dataset.
2024-10-04 22:25:51,953 - DataProvider - WARNING - Removing ['Datasets\\IAM_Words\\words\\r06\\r06-022\\r06-022-03-05.png', 'more'] from dataset.
2024-10-04 22:26:51,581 - root - INFO - Epoch 0; loss: 12.746504783630371; CER: 0.8302135467529297; WER: 0.9171389937400818; val_loss: 10.279407501220703; val_CER: 0.6469929814338684; val_WER: 0.8398299813270569
2024-10-04 22:48:06,893 - root - INFO - Epoch 1; loss: 9.230764389038086; CER: 0.5634111166000366; WER: 0.7744447588920593; val_loss: 7.443202972412109; val_CER: 0.4550310969352722; val_WER: 0.7013269662857056
2024-10-04 23:10:13,640 - root - INFO - Epoch 2; loss: 7.445819854736328; CER: 0.44965454936027527; WER: 0.7050387263298035; val_loss: 7.092551231384277; val_CER: 0.4401976466178894; val_WER: 0.7124196290969849
2024-10-04 23:32:28,481 - root - INFO - Epoch 3; loss: 6.1148681640625; CER: 0.36455482244491577; WER: 0.6456893086433411; val_loss: 4.650022029876709; val_CER: 0.2778415083885193; val_WER: 0.5615799427032471
2024-10-04 23:55:08,658 - root - INFO - Epoch 4; loss: 5.2424468994140625; CER: 0.3086306154727936; WER: 0.594588041305542; val_loss: 3.796017646789551; val_CER: 0.23108039796352386; val_WER: 0.5037321448326111
2024-10-05 00:17:44,015 - root - INFO - Epoch 5; loss: 4.702742099761963; CER: 0.27710479497909546; WER: 0.5582204461097717; val_loss: 3.5016355514526367; val_CER: 0.21145744621753693; val_WER: 0.472423791885376
2024-10-05 00:40:12,038 - root - INFO - Epoch 6; loss: 4.303493022918701; CER: 0.2528887987136841; WER: 0.5311952829360962; val_loss: 3.1074442863464355; val_CER: 0.18674027919769287; val_WER: 0.43105950951576233
2024-10-05 01:02:42,086 - root - INFO - Epoch 7; loss: 4.048678398132324; CER: 0.23878253996372223; WER: 0.5097225904464722; val_loss: 2.8993892669677734; val_CER: 0.1716984659433365; val_WER: 0.4065934121608734
2024-10-05 01:25:31,902 - root - INFO - Epoch 8; loss: 3.799656867980957; CER: 0.22474311292171478; WER: 0.4927425980567932; val_loss: 3.13594388961792; val_CER: 0.18664391338825226; val_WER: 0.4286750853061676
2024-10-05 01:48:20,061 - root - INFO - Epoch 9; loss: 3.6035454273223877; CER: 0.21429091691970825; WER: 0.4761888384819031; val_loss: 2.6548869609832764; val_CER: 0.16021236777305603; val_WER: 0.38751813769340515
2024-10-05 02:10:52,855 - root - INFO - Epoch 10; loss: 3.461840867996216; CER: 0.2060316652059555; WER: 0.46416229009628296; val_loss: 2.6253018379211426; val_CER: 0.15601429343223572; val_WER: 0.38378602266311646
2024-10-05 02:33:21,110 - root - INFO - Epoch 11; loss: 3.3749794960021973; CER: 0.20064391195774078; WER: 0.45416322350502014; val_loss: 2.8556301593780518; val_CER: 0.17818015813827515; val_WER: 0.4110512137413025
2024-10-05 02:55:44,995 - root - INFO - Epoch 12; loss: 3.271226644515991; CER: 0.19418220221996307; WER: 0.44639894366264343; val_loss: 2.426743268966675; val_CER: 0.1475989669561386; val_WER: 0.35880157351493835
2024-10-05 03:18:11,662 - root - INFO - Epoch 13; loss: 3.165936231613159; CER: 0.18879182636737823; WER: 0.43538615107536316; val_loss: 4.605273246765137; val_CER: 0.2846834659576416; val_WER: 0.5585734844207764
2024-10-05 03:40:40,522 - root - INFO - Epoch 14; loss: 3.149472236633301; CER: 0.18772104382514954; WER: 0.43575477600097656; val_loss: 2.306062936782837; val_CER: 0.14088751375675201; val_WER: 0.35113000869750977
2024-10-05 04:02:54,936 - root - INFO - Epoch 15; loss: 2.986590623855591; CER: 0.17844313383102417; WER: 0.4195350706577301; val_loss: 2.149610996246338; val_CER: 0.12586049735546112; val_WER: 0.3222061097621918
2024-10-05 04:25:20,919 - root - INFO - Epoch 16; loss: 2.884615421295166; CER: 0.17254941165447235; WER: 0.4097779095172882; val_loss: 2.001513719558716; val_CER: 0.1169947162270546; val_WER: 0.2995023727416992
2024-10-05 04:48:07,261 - root - INFO - Epoch 17; loss: 2.7828497886657715; CER: 0.16702209413051605; WER: 0.39937564730644226; val_loss: 1.9438602924346924; val_CER: 0.11663798242807388; val_WER: 0.3010574281215668
2024-10-05 05:10:54,439 - root - INFO - Epoch 18; loss: 2.7180826663970947; CER: 0.16341176629066467; WER: 0.3938577175140381; val_loss: 2.331638813018799; val_CER: 0.13941167294979095; val_WER: 0.34117770195007324
2024-10-05 05:33:37,620 - root - INFO - Epoch 19; loss: 2.660984754562378; CER: 0.16047362983226776; WER: 0.3892267942428589; val_loss: 1.865127444267273; val_CER: 0.11258932203054428; val_WER: 0.2921418249607086
2024-10-05 05:56:31,519 - root - INFO - Epoch 20; loss: 2.5866825580596924; CER: 0.15563245117664337; WER: 0.37972307205200195; val_loss: 1.9925048351287842; val_CER: 0.116465263068676; val_WER: 0.30126476287841797
2024-10-05 06:19:22,150 - root - INFO - Epoch 21; loss: 2.53887677192688; CER: 0.1526341289281845; WER: 0.3752649426460266; val_loss: 1.7694427967071533; val_CER: 0.10782293975353241; val_WER: 0.2814638316631317
2024-10-05 06:41:54,376 - root - INFO - Epoch 22; loss: 2.493227481842041; CER: 0.15035861730575562; WER: 0.37201640009880066; val_loss: 1.8475443124771118; val_CER: 0.11538880318403244; val_WER: 0.2899647653102875
2024-10-05 07:05:41,225 - root - INFO - Epoch 23; loss: 2.445413112640381; CER: 0.1480996310710907; WER: 0.36543866991996765; val_loss: 1.7507548332214355; val_CER: 0.10798079520463943; val_WER: 0.2784574031829834
2024-10-05 07:29:30,104 - root - INFO - Epoch 24; loss: 2.4044363498687744; CER: 0.1462291032075882; WER: 0.3611072599887848; val_loss: 1.8446359634399414; val_CER: 0.11203618347644806; val_WER: 0.285506933927536
2024-10-05 07:53:39,593 - root - INFO - Epoch 25; loss: 2.367650270462036; CER: 0.14267627894878387; WER: 0.3566952347755432; val_loss: 2.0534141063690186; val_CER: 0.1192028746008873; val_WER: 0.30924734473228455
2024-10-05 09:31:45,172 - root - INFO - Epoch 26; loss: 2.335759162902832; CER: 0.1424008458852768; WER: 0.35275551676750183; val_loss: 1.650715947151184; val_CER: 0.10389494150876999; val_WER: 0.26912710070610046
2024-10-05 09:58:21,041 - root - INFO - Epoch 27; loss: 2.2880313396453857; CER: 0.13957852125167847; WER: 0.34918439388275146; val_loss: 1.6187126636505127; val_CER: 0.09796265512704849; val_WER: 0.25896745920181274
2024-10-05 10:24:18,050 - root - INFO - Epoch 28; loss: 2.2706525325775146; CER: 0.13839799165725708; WER: 0.34650033712387085; val_loss: 1.6111257076263428; val_CER: 0.09808815270662308; val_WER: 0.25938212871551514
2024-10-05 10:50:28,049 - root - INFO - Epoch 29; loss: 2.23673939704895; CER: 0.13673147559165955; WER: 0.3429868221282959; val_loss: 1.7697486877441406; val_CER: 0.10329193621873856; val_WER: 0.2755546271800995
2024-10-05 11:20:22,659 - root - INFO - Epoch 30; loss: 2.209300994873047; CER: 0.1349373161792755; WER: 0.3390471041202545; val_loss: 1.6540940999984741; val_CER: 0.10087242722511292; val_WER: 0.2638399302959442
2024-10-05 12:00:03,429 - root - INFO - Epoch 31; loss: 2.193126678466797; CER: 0.13373304903507233; WER: 0.3375725746154785; val_loss: 1.593664526939392; val_CER: 0.09427466243505478; val_WER: 0.2495334893465042
2024-10-05 12:28:51,135 - root - INFO - Epoch 32; loss: 2.164055824279785; CER: 0.13231299817562103; WER: 0.33369043469429016; val_loss: 1.681950569152832; val_CER: 0.09963806718587875; val_WER: 0.2603151500225067
2024-10-05 12:55:31,036 - root - INFO - Epoch 33; loss: 2.1381356716156006; CER: 0.1315390169620514; WER: 0.3319855332374573; val_loss: 1.5829037427902222; val_CER: 0.09615840762853622; val_WER: 0.2541986405849457
2024-10-05 13:19:30,398 - root - INFO - Epoch 34; loss: 2.114879846572876; CER: 0.12913501262664795; WER: 0.3289097845554352; val_loss: 1.5838395357131958; val_CER: 0.09827635437250137; val_WER: 0.2537839412689209
2024-10-05 13:46:34,965 - root - INFO - Epoch 35; loss: 2.086327075958252; CER: 0.12814602255821228; WER: 0.3264099955558777; val_loss: 1.5630358457565308; val_CER: 0.09594112634658813; val_WER: 0.2505701780319214
2024-10-05 14:11:15,813 - root - INFO - Epoch 36; loss: 2.068728446960449; CER: 0.12738896906375885; WER: 0.3245783746242523; val_loss: 1.5414077043533325; val_CER: 0.09209642559289932; val_WER: 0.2464233934879303
2024-10-05 14:35:41,392 - root - INFO - Epoch 37; loss: 2.0564804077148438; CER: 0.12686440348625183; WER: 0.3228965103626251; val_loss: 1.5691382884979248; val_CER: 0.09389281272888184; val_WER: 0.24746008217334747
2024-10-05 14:59:46,882 - root - INFO - Epoch 38; loss: 2.0288021564483643; CER: 0.12469624727964401; WER: 0.32069623470306396; val_loss: 1.5379873514175415; val_CER: 0.09116894006729126; val_WER: 0.24134355783462524
2024-10-05 15:23:25,178 - root - INFO - Epoch 39; loss: 2.017359972000122; CER: 0.1242586150765419; WER: 0.31777024269104004; val_loss: 1.7262046337127686; val_CER: 0.103681281208992; val_WER: 0.26902341842651367
2024-10-05 15:47:15,032 - root - INFO - Epoch 40; loss: 1.9918934106826782; CER: 0.12208780646324158; WER: 0.31580039858818054; val_loss: 1.6386746168136597; val_CER: 0.09822802990674973; val_WER: 0.2545096278190613
2024-10-05 16:10:57,020 - root - INFO - Epoch 41; loss: 1.9852616786956787; CER: 0.12217885255813599; WER: 0.3152935206890106; val_loss: 1.4692894220352173; val_CER: 0.08971326053142548; val_WER: 0.2357453852891922
2024-10-05 16:34:42,498 - root - INFO - Epoch 42; loss: 1.9695788621902466; CER: 0.12168974429368973; WER: 0.3127822279930115; val_loss: 1.5190999507904053; val_CER: 0.08978374302387238; val_WER: 0.23833712935447693
2024-10-05 16:58:25,011 - root - INFO - Epoch 43; loss: 1.945491909980774; CER: 0.11955418437719345; WER: 0.3094184994697571; val_loss: 1.4543709754943848; val_CER: 0.08915526419878006; val_WER: 0.23647107183933258
2024-10-05 17:22:07,740 - root - INFO - Epoch 44; loss: 1.9246195554733276; CER: 0.11898081004619598; WER: 0.308773398399353; val_loss: 1.4797499179840088; val_CER: 0.09032197296619415; val_WER: 0.23792245984077454
2024-10-05 17:45:46,085 - root - INFO - Epoch 45; loss: 1.913123369216919; CER: 0.11889900267124176; WER: 0.30688416957855225; val_loss: 2.8724749088287354; val_CER: 0.19463074207305908; val_WER: 0.421314537525177
2024-10-05 18:10:18,229 - root - INFO - Epoch 46; loss: 1.895499348640442; CER: 0.1178973987698555; WER: 0.30535203218460083; val_loss: 1.426961898803711; val_CER: 0.08572594076395035; val_WER: 0.22786647081375122
2024-10-05 18:36:35,238 - root - INFO - Epoch 47; loss: 1.887471318244934; CER: 0.11677328497171402; WER: 0.30375081300735474; val_loss: 1.400748372077942; val_CER: 0.08701634407043457; val_WER: 0.22693344950675964
2024-10-05 19:02:56,835 - root - INFO - Epoch 48; loss: 1.8720537424087524; CER: 0.11614850163459778; WER: 0.30094000697135925; val_loss: 1.4811795949935913; val_CER: 0.09017803519964218; val_WER: 0.23667842149734497
2024-10-05 19:31:12,895 - root - INFO - Epoch 49; loss: 1.865037202835083; CER: 0.1151757538318634; WER: 0.2997995615005493; val_loss: 1.3955817222595215; val_CER: 0.08709785342216492; val_WER: 0.22755546867847443
2024-10-05 20:13:11,344 - root - INFO - Epoch 50; loss: 1.8560000658035278; CER: 0.11422838270664215; WER: 0.2973228394985199; val_loss: 1.4783293008804321; val_CER: 0.08718187361955643; val_WER: 0.23367199301719666
2024-10-05 20:43:14,381 - root - INFO - Epoch 51; loss: 1.837921142578125; CER: 0.11431671679019928; WER: 0.29754170775413513; val_loss: 1.42192542552948; val_CER: 0.0862569659948349; val_WER: 0.22610408067703247
2024-10-05 21:18:19,846 - root - INFO - Epoch 52; loss: 1.8250559568405151; CER: 0.11309544742107391; WER: 0.2957676649093628; val_loss: 1.47966468334198; val_CER: 0.08864117413759232; val_WER: 0.23273895680904388
2024-10-05 21:45:32,540 - root - INFO - Epoch 53; loss: 1.8172765970230103; CER: 0.11302658170461655; WER: 0.2957907021045685; val_loss: 1.394976258277893; val_CER: 0.0841585323214531; val_WER: 0.21926186978816986
2024-10-05 22:09:22,349 - root - INFO - Epoch 54; loss: 1.8013063669204712; CER: 0.11181340366601944; WER: 0.29186248779296875; val_loss: 1.442017912864685; val_CER: 0.09040939062833786; val_WER: 0.23460501432418823
2024-10-05 22:33:31,116 - root - INFO - Epoch 55; loss: 1.7886625528335571; CER: 0.11148840188980103; WER: 0.2917127311229706; val_loss: 1.340852975845337; val_CER: 0.08339744061231613; val_WER: 0.21936553716659546
2024-10-05 22:57:09,032 - root - INFO - Epoch 56; loss: 1.7819552421569824; CER: 0.11125741899013519; WER: 0.2924269735813141; val_loss: 1.323143720626831; val_CER: 0.08325725793838501; val_WER: 0.21532242000102997
2024-10-05 23:19:48,166 - root - INFO - Epoch 57; loss: 1.7658640146255493; CER: 0.1102236658334732; WER: 0.29062989354133606; val_loss: 1.3927634954452515; val_CER: 0.08505301922559738; val_WER: 0.22320131957530975
2024-10-05 23:42:36,581 - root - INFO - Epoch 58; loss: 1.7592846155166626; CER: 0.10956137627363205; WER: 0.2883835732936859; val_loss: 1.3823529481887817; val_CER: 0.08807253837585449; val_WER: 0.22962886095046997
2024-10-06 00:05:02,618 - root - INFO - Epoch 59; loss: 1.7495800256729126; CER: 0.10911276191473007; WER: 0.2859644293785095; val_loss: 1.3702552318572998; val_CER: 0.08537443727254868; val_WER: 0.22600041329860687
2024-10-06 00:27:35,864 - root - INFO - Epoch 60; loss: 1.7453879117965698; CER: 0.10866919159889221; WER: 0.28670167922973633; val_loss: 1.3313140869140625; val_CER: 0.08223530650138855; val_WER: 0.21625544130802155
2024-10-06 00:50:06,008 - root - INFO - Epoch 61; loss: 1.721700668334961; CER: 0.10813700407743454; WER: 0.28518107533454895; val_loss: 1.4285390377044678; val_CER: 0.08365340530872345; val_WER: 0.2212315946817398
2024-10-06 01:12:38,134 - root - INFO - Epoch 62; loss: 1.7374314069747925; CER: 0.10885528475046158; WER: 0.28538843989372253; val_loss: 1.3837119340896606; val_CER: 0.08470414578914642; val_WER: 0.221749946475029
2024-10-06 01:34:53,502 - root - INFO - Epoch 63; loss: 1.7182236909866333; CER: 0.10778995603322983; WER: 0.28491613268852234; val_loss: 1.3414227962493896; val_CER: 0.08206191658973694; val_WER: 0.21573708951473236
2024-10-06 01:57:30,603 - root - INFO - Epoch 64; loss: 1.7056410312652588; CER: 0.10649152845144272; WER: 0.2812759280204773; val_loss: 1.3930624723434448; val_CER: 0.08500746637582779; val_WER: 0.22050590813159943
2024-10-06 02:20:01,680 - root - INFO - Epoch 65; loss: 1.6964455842971802; CER: 0.1071506217122078; WER: 0.2815984785556793; val_loss: 1.305909514427185; val_CER: 0.08208215236663818; val_WER: 0.21521873772144318
2024-10-06 02:42:29,633 - root - INFO - Epoch 66; loss: 1.691755771636963; CER: 0.1062556728720665; WER: 0.28271588683128357; val_loss: 1.3265091180801392; val_CER: 0.08150878548622131; val_WER: 0.21501140296459198
2024-10-06 03:05:02,406 - root - INFO - Epoch 67; loss: 1.6814382076263428; CER: 0.10576720535755157; WER: 0.27866095304489136; val_loss: 1.4987037181854248; val_CER: 0.09042349457740784; val_WER: 0.23481236398220062
2024-10-06 03:27:16,763 - root - INFO - Epoch 68; loss: 1.6880989074707031; CER: 0.10632740706205368; WER: 0.2807805836200714; val_loss: 2.247507333755493; val_CER: 0.14216704666614532; val_WER: 0.33122536540031433
2024-10-06 03:49:35,869 - root - INFO - Epoch 69; loss: 1.6669800281524658; CER: 0.10545994341373444; WER: 0.2789950370788574; val_loss: 1.3463523387908936; val_CER: 0.08273562788963318; val_WER: 0.21677379310131073
2024-10-06 04:12:02,357 - root - INFO - Epoch 70; loss: 1.6573117971420288; CER: 0.10516458004713058; WER: 0.2776472270488739; val_loss: 1.3139492273330688; val_CER: 0.07944739609956741; val_WER: 0.2105536013841629
2024-10-06 04:34:26,762 - root - INFO - Epoch 71; loss: 1.6566753387451172; CER: 0.10464400053024292; WER: 0.27671411633491516; val_loss: 1.2995953559875488; val_CER: 0.08074597269296646; val_WER: 0.21273066103458405
2024-10-06 04:56:50,946 - root - INFO - Epoch 72; loss: 1.650335431098938; CER: 0.10379667580127716; WER: 0.27628791332244873; val_loss: 1.3245574235916138; val_CER: 0.08394473046064377; val_WER: 0.2174994796514511
2024-10-06 05:19:05,035 - root - INFO - Epoch 73; loss: 1.6362181901931763; CER: 0.10363815724849701; WER: 0.27460601925849915; val_loss: 1.26596999168396; val_CER: 0.07802724838256836; val_WER: 0.20568111538887024
2024-10-06 05:41:29,742 - root - INFO - Epoch 74; loss: 1.6334986686706543; CER: 0.10312863439321518; WER: 0.27413371205329895; val_loss: 1.3898946046829224; val_CER: 0.08351468294858932; val_WER: 0.21874351799488068
2024-10-06 06:06:42,325 - root - INFO - Epoch 75; loss: 1.6187914609909058; CER: 0.10271754115819931; WER: 0.271783709526062; val_loss: 1.3082126379013062; val_CER: 0.07851304113864899; val_WER: 0.20671780407428741
2024-10-06 06:35:30,328 - root - INFO - Epoch 76; loss: 1.62880539894104; CER: 0.10314138233661652; WER: 0.2737996578216553; val_loss: 1.3309978246688843; val_CER: 0.08311351388692856; val_WER: 0.21677379310131073
2024-10-06 07:04:21,449 - root - INFO - Epoch 77; loss: 1.6141231060028076; CER: 0.10245868563652039; WER: 0.2721753716468811; val_loss: 1.3320574760437012; val_CER: 0.0799722820520401; val_WER: 0.21356002986431122
2024-10-06 07:31:05,748 - root - INFO - Epoch 78; loss: 1.6075363159179688; CER: 0.10189100354909897; WER: 0.27118468284606934; val_loss: 1.3147863149642944; val_CER: 0.07904542237520218; val_WER: 0.20962056517601013
2024-10-06 07:54:57,232 - root - INFO - Epoch 79; loss: 1.6033207178115845; CER: 0.10159085690975189; WER: 0.2702861428260803; val_loss: 1.32039475440979; val_CER: 0.08001241832971573; val_WER: 0.21200497448444366
2024-10-06 08:18:56,747 - root - INFO - Epoch 80; loss: 1.5906333923339844; CER: 0.1011323481798172; WER: 0.26945674419403076; val_loss: 1.2823437452316284; val_CER: 0.07880298793315887; val_WER: 0.20412606000900269
2024-10-06 08:42:34,355 - root - INFO - Epoch 81; loss: 1.5954355001449585; CER: 0.10085990279912949; WER: 0.2680167853832245; val_loss: 1.3688056468963623; val_CER: 0.08141462504863739; val_WER: 0.21262699365615845
2024-10-06 09:06:04,290 - root - INFO - Epoch 82; loss: 1.5749948024749756; CER: 0.10019227862358093; WER: 0.2675214409828186; val_loss: 1.3807247877120972; val_CER: 0.08605821430683136; val_WER: 0.221749946475029
2024-10-06 09:29:48,483 - root - INFO - Epoch 83; loss: 1.5618209838867188; CER: 0.0988302230834961; WER: 0.26621970534324646; val_loss: 1.3156635761260986; val_CER: 0.08100996166467667; val_WER: 0.20930956304073334
2024-10-06 09:53:19,030 - root - INFO - Epoch 84; loss: 1.5378879308700562; CER: 0.09783665835857391; WER: 0.2629365921020508; val_loss: 1.301576852798462; val_CER: 0.07976803928613663; val_WER: 0.20848019421100616
2024-10-06 10:16:52,954 - root - INFO - Epoch 85; loss: 1.5251835584640503; CER: 0.09626690298318863; WER: 0.25987234711647034; val_loss: 1.2582788467407227; val_CER: 0.07663393765687943; val_WER: 0.20308935642242432
2024-10-06 10:40:36,383 - root - INFO - Epoch 86; loss: 1.525755763053894; CER: 0.09695692360401154; WER: 0.2611510455608368; val_loss: 1.2366539239883423; val_CER: 0.07370416074991226; val_WER: 0.19935724139213562
2024-10-06 11:04:21,526 - root - INFO - Epoch 87; loss: 1.5123716592788696; CER: 0.09716081619262695; WER: 0.2601257860660553; val_loss: 1.2393319606781006; val_CER: 0.07690388709306717; val_WER: 0.20267468690872192
2024-10-06 11:30:53,198 - root - INFO - Epoch 88; loss: 1.5111733675003052; CER: 0.09706459194421768; WER: 0.2607824206352234; val_loss: 1.245401382446289; val_CER: 0.07559799402952194; val_WER: 0.19800953567028046
2024-10-06 11:58:37,182 - root - INFO - Epoch 89; loss: 1.49923574924469; CER: 0.09608391672372818; WER: 0.25819048285484314; val_loss: 1.4083878993988037; val_CER: 0.08765049278736115; val_WER: 0.2250673919916153
2024-10-06 12:25:34,409 - root - INFO - Epoch 90; loss: 1.4966282844543457; CER: 0.09528481960296631; WER: 0.2563934326171875; val_loss: 1.2676945924758911; val_CER: 0.07551805675029755; val_WER: 0.2000829428434372
2024-10-06 12:48:27,299 - root - INFO - Epoch 91; loss: 1.4827994108200073; CER: 0.09502825886011124; WER: 0.25632429122924805; val_loss: 1.2554004192352295; val_CER: 0.07573860883712769; val_WER: 0.19935724139213562
2024-10-06 13:12:22,422 - root - INFO - Epoch 92; loss: 1.4826828241348267; CER: 0.09458020329475403; WER: 0.25593262910842896; val_loss: 1.245800256729126; val_CER: 0.07891730964183807; val_WER: 0.207132488489151
2024-10-06 13:37:32,875 - root - INFO - Epoch 93; loss: 1.479146122932434; CER: 0.09434765577316284; WER: 0.25503408908843994; val_loss: 1.2220921516418457; val_CER: 0.07645093649625778; val_WER: 0.19800953567028046
2024-10-06 14:01:17,051 - root - INFO - Epoch 94; loss: 1.4706252813339233; CER: 0.09382177889347076; WER: 0.25490736961364746; val_loss: 1.7958180904388428; val_CER: 0.11048851162195206; val_WER: 0.27337756752967834
2024-10-06 14:25:11,738 - root - INFO - Epoch 95; loss: 1.481186866760254; CER: 0.0938756987452507; WER: 0.25466546416282654; val_loss: 1.2482819557189941; val_CER: 0.07455858588218689; val_WER: 0.200393944978714
2024-10-06 14:53:39,363 - root - INFO - Epoch 96; loss: 1.460694670677185; CER: 0.09383326768875122; WER: 0.25458481907844543; val_loss: 1.2327115535736084; val_CER: 0.0764889121055603; val_WER: 0.19873522222042084
2024-10-06 15:29:02,802 - root - INFO - Epoch 97; loss: 1.4470398426055908; CER: 0.09253621846437454; WER: 0.2500230371952057; val_loss: 1.212977647781372; val_CER: 0.07405850291252136; val_WER: 0.19769853353500366
2024-10-06 16:02:37,127 - root - INFO - Epoch 98; loss: 1.4259158372879028; CER: 0.09109532088041306; WER: 0.24703943729400635; val_loss: 1.209043025970459; val_CER: 0.07479926198720932; val_WER: 0.19780220091342926
2024-10-06 16:30:01,650 - root - INFO - Epoch 99; loss: 1.4306973218917847; CER: 0.09208408743143082; WER: 0.25054141879081726; val_loss: 1.21453058719635; val_CER: 0.07331562787294388; val_WER: 0.19210034608840942
2024-10-06 16:30:05,202 - tf2onnx.tfonnx - INFO - Using tensorflow=2.12.0, onnx=1.16.2, tf2onnx=1.16.1/15c810
2024-10-06 16:30:05,202 - tf2onnx.tfonnx - INFO - Using opset <onnx, 15>
2024-10-06 16:30:05,401 - tf2onnx.tf_utils - INFO - Computed 0 values for constant folding
2024-10-06 16:30:05,405 - tf2onnx.tf_utils - INFO - Computed 0 values for constant folding
2024-10-06 16:30:05,409 - tf2onnx.tf_utils - INFO - Computed 0 values for constant folding
2024-10-06 16:30:05,419 - tf2onnx.tf_utils - INFO - Computed 0 values for constant folding
2024-10-06 16:30:05,509 - tf2onnx.tf_utils - INFO - Computed 2 values for constant folding
2024-10-06 16:30:05,637 - tf2onnx.tfonnx - INFO - folding node using tf type=StridedSlice, name=model/bidirectional/forward_lstm/PartitionedCall/strided_slice
2024-10-06 16:30:05,638 - tf2onnx.tfonnx - INFO - folding node using tf type=StridedSlice, name=model/bidirectional/backward_lstm/PartitionedCall/strided_slice
2024-10-06 16:30:05,805 - tf2onnx.optimizer - INFO - Optimizing ONNX model
2024-10-06 16:30:06,613 - tf2onnx.optimizer - INFO - After optimization: BatchNormalization -18 (18->0), Cast -4 (11->7), Concat -4 (10->6), Const -129 (192->63), Expand -3 (4->1), Gather +2 (2->4), Identity -2 (2->0), Shape -1 (4->3), Slice -1 (5->4), Squeeze -3 (5->2), Transpose -81 (85->4), Unsqueeze -14 (17->3)
